# Versions for wisp4402f on  Wed May 15 15:01:41 EDT 2002
No files found in project [video].
video/cap	aix_xterm.vcap	1.6
video/cap	aixterm.vcap	1.6
video/cap	ansi.vcap	1.6
video/cap	ansidos.vcap	1.6
video/cap	att605.vcap	1.6
video/cap	cutvcap.sh	1.6
video/cap	decterm.vcap	1.3
video/cap	dg_xterm.vcap	1.6
video/cap	ibm3151.vcap	1.6
video/cap	ibm8514.vcap	1.6
video/cap	ipx_sun.vcap	1.3
video/cap	ipx_xterm.vcap	1.3
video/cap	msdos.vcap	1.3
video/cap	qvt101p.vcap	1.6
video/cap	rflvt220.vcap	1.1
video/cap	sco_xterm.vcap	1.6
video/cap	stddef.vcap	1.6
video/cap	sun_cmd.vcap	1.6
video/cap	uterm.vcap	1.4
video/cap	uw_xterm.vcap	1.3
video/cap	vblue.bat	1.3
video/cap	vbrown.bat	1.3
video/cap	vcyan.bat	1.3
video/cap	vgreen.bat	1.3
video/cap	videocap.umf	1.1
video/cap	vpink.bat	1.3
video/cap	vred.bat	1.3
video/cap	vt100.vcap	1.7
video/cap	vt220.vcap	1.8
video/cap	vt510.vcap	1.3
video/cap	vwhite.bat	1.3
video/cap	vyellow.bat	1.3
video/cap	w4w_vt220.vcap	1.12
video/cap	wincon.vcap	1.9
video/cap	wy_vt100.vcap	1.6
video/cap	xterm.vcap	1.7
video/ivs	libivs.umf	1.5
video/ivs	vchinese.c	1.5
video/lib	gcal2.c	1.10
video/lib	gcalc.c	1.11
video/lib	gcalend.c	1.12
video/lib	gclock.c	1.10
video/lib	gnotepad.c	1.10
video/lib	gpuzzle.c	1.10
video/lib	gzones.c	1.9
video/lib	libvideo.mak	1.3
video/lib	libvideo.umf	1.16
video/lib	sleepdos.c	1.8
video/lib	strpos.c	1.9
video/lib	valert.c	1.8
video/lib	vbell.c	1.15
video/lib	vcap.c	1.41
video/lib	vcap.h	1.22
video/lib	vcharset.c	1.10
video/lib	vchinese.h	1.6
video/lib	vchstubs.c	1.6
video/lib	vcommand.c	1.11
video/lib	vcontrol.c	1.13
video/lib	vcut.c	1.10
video/lib	vdata.h	1.16
video/lib	vdefer.c	1.12
video/lib	vedge.c	1.10
video/lib	verase.c	1.12
video/lib	verase.h	1.1
video/lib	version.c	1.4
video/lib	vexit.c	1.12
video/lib	vfnkey.c	1.9
video/lib	vgets0.c	1.10
video/lib	vgrid.c	1.10
video/lib	video.h	1.32
video/lib	video.rt	1.6
video/lib	videolib.dsp	1.5
video/lib	videolibm.dsp	1.1
video/lib	vinput.c	1.13
video/lib	vintdef.h	1.6
video/lib	visdebug.c	1.9
video/lib	vkeymap.c	1.7
video/lib	vkeymap.h	1.6
video/lib	vline.c	1.11
video/lib	vline.h	1.1
video/lib	vlist.c	1.11
video/lib	vlist.h	1.10
video/lib	vloadch.c	1.10
video/lib	vlocal.h	1.13
video/lib	vmacro.c	1.9
video/lib	vmap.c	1.11
video/lib	vmenu.c	1.13
video/lib	vmenu.h	1.12
video/lib	vmode.c	1.12
video/lib	vmodules.h	1.16
video/lib	vmove.c	1.15
video/lib	vmove.h	1.2
video/lib	vnewline.c	1.14
video/lib	vonexit.c	1.9
video/lib	vop.c	1.10
video/lib	vopenf.c	1.12
video/lib	vpaste.c	1.9
video/lib	vpopscr.c	1.10
video/lib	vprint.c	1.20
video/lib	vprint.h	1.3
video/lib	vpushscr.c	1.10
video/lib	vputc.c	1.11
video/lib	vraw.h	1.2
video/lib	vrawdos.c	1.12
video/lib	vrawdos.h	1.9
video/lib	vrawntcn.c	1.64
video/lib	vrawntcn.h	1.6
video/lib	vrawrt.mac	1.6
video/lib	vrawunix.c	1.26
video/lib	vrawunix.h	1.15
video/lib	vrefresh.c	1.16
video/lib	vrelease.c	1.10
video/lib	vroll.c	1.12
video/lib	vscreen.c	1.12
video/lib	vscreen.h	1.1
video/lib	vsection.c	1.13
video/lib	vset.c	1.12
video/lib	vsize.c	1.10
video/lib	vslew.c	1.9
video/lib	vstate.c	1.14
video/lib	vsynch.c	1.11
video/lib	vsystem.c	1.9
video/lib	vtext.c	1.12
video/lib	vtrace.c	1.9
video/lib	vtrigger.c	1.9
video/lib	vtrim.c	1.10
video/lib	vtrim.h	1.1
video/lib	vuip.c	1.6
video/lib	vuserex.c	1.9
video/lib	vutil.c	1.15
video/lib	vutil.h	1.4
video/lib	vwait.c	1.13
video/test	dump_map.c	1.10
video/test	videotest.dsp	1.3
video/test	vtest.mak	1.3
video/test	vtest.umf	1.10
video/test	vtest0.c	1.12
video/test	vtesta.c	1.9
video/test	vtestb.c	1.7
video/test	vtestc.c	1.10
video/test	vtestd.c	1.9
video/test	vteste.c	1.9
video/test	vtestf.c	1.8
video/test	vtestf.frm	1.3
video/test	vtestg.c	1.12
video/test	vtesth.c	1.7
video/test	vtesti.c	1.8
video/test	vtestj.c	1.12
video/test	vtestk.c	1.7
video/test	vtestl.c	1.9
video/test	vtestm.c	1.8
video/test	vtestn.c	1.7
video/test	vtesto.c	1.8
video/test	vtestp.c	1.9
video/test	vtestq.c	1.8
video/test	vtestr.c	1.9
video/test	vtests.c	1.8
video/test	vtestt.c	1.8
video/test	vtestu.c	1.8
video/test	vtestv.c	1.8
video/test	vtestw.c	1.9
video/test	vtestx.c	1.10
video/test	vtesty.c	1.7
video/test	vtestz.c	1.7
No files found in project [wisp].
wisp/acu	AcucobolLicenses.txt	1.4
wisp/acu	Makefile.311	1.1
wisp/acu	Makefile.320	1.1
wisp/acu	Makefile.321	1.1
wisp/acu	Makefile.322	1.1
wisp/acu	Makefile.400	1.1
wisp/acu	Makefile.410	1.2
wisp/acu	Makefile.420	1.2
wisp/acu	Makefile.50	1.1
wisp/acu	Makefile.AIX43.5102	1.1
wisp/acu	Makefile.AIX43.5201	1.1
wisp/acu	Makefile.HPUX11.5102	1.1
wisp/acu	Makefile.HPUX11.5201	1.2
wisp/acu	Makefile.SCO50.5104	1.1
wisp/acu	Makefile.SCO50.5201	1.1
wisp/acu	Makefile.SOL25.5201	1.1
wisp/acu	Makefile.SOL251.5102	1.1
wisp/acu	Makefile.SOL832.5104	1.1
wisp/acu	Makefile.SOL832.5201	1.1
wisp/acu	acn.dsp	1.2
wisp/acu	acu.dsp	1.5
wisp/acu	acu.rules	1.10
wisp/acu	acucobol.include	1.24
wisp/acu	aculink.wcb	1.8
wisp/acu	acuusing.cob	1.8
wisp/acu	filesys.h	1.2
wisp/acu	sub85.c	1.50
wisp/acu	sub85_acu51.c	1.1
wisp/acu	vision.h	1.2
wisp/acu	wacudisplay.cob	1.1
wisp/acu	wacuerror.cob	1.2
wisp/acu	wacufac2screen.cob	1.4
wisp/acu	wacugetparm.cob	1.1
wisp/acu	wacugetpfkey.cob	1.2
wisp/acu	wacuhelp.cob	1.4
wisp/acu	wacuwsb.cob	1.4
wisp/acu	wisprts.rc	1.1
wisp/acu	wrun32.5000.mak	1.1
wisp/acu	wrun32.5102.mak	1.1
wisp/acu	wrun32.5200.mak	1.1
wisp/acu	wrun32wisp_acu51.mak	1.13
wisp/acu	wrun32wisp_acu52.mak	1.5
wisp/acu	wrun32wisp_crid_acu51.mak	1.6
wisp/acu	wrun32wisp_crid_acu52.mak	1.2
wisp/acu	wrun32wisp_ede_acu51.mak	1.6
wisp/acu	wrun32wisp_ede_acu52.mak	1.1
wisp/acu	wruncbl.mak	1.4
wisp/acu	wruncbl.umf	1.54
wisp/acu	wwruncbl.dsp	1.2
wisp/acu	wwruncbl.mak	1.44
wisp/acu	wwruncble.dsp	1.3
wisp/acu	wwruncblk.dsp	1.4
wisp/acu	wwruncblke.dsp	1.3
wisp/acu	wwruncblt.dsp	1.3
wisp/acu	xterm.acu	1.7
wisp/amu	amu.lis	1.3
wisp/amu	amu.wcb	1.6
wisp/amu	amuacu.umf	1.7
wisp/amu	amuedit.wcb	1.7
wisp/amu	amufd.wcb	1.4
wisp/amu	amufkm.wcb	1.5
wisp/amu	amumdm.wcb	1.6
wisp/amu	amumf.umf	1.8
wisp/amu	amuroot.wcb	1.9
wisp/amu	amuscn.wcb	1.4
wisp/amu	amusel.wcb	1.3
wisp/amu	amutoken.wcb	1.3
wisp/amu	amuudm.wcb	1.5
wisp/amu	amuunix.umf	1.12
wisp/amu	amuws.wcb	1.4
wisp/amu	camumenu.wcb	1.4
wisp/amu	version.wcb	1.2
wisp/common	costar.h	1.21
wisp/common	filext.h	1.8
wisp/common	getopt.c	1.7
wisp/common	getopt.h	1.2
wisp/common	hexunpk.h	1.1
wisp/common	idsistd.h	1.7
wisp/common	idsisubs.h	1.10
wisp/common	intdef.h	1.5
wisp/common	level.h	1.5
wisp/common	link.h	1.8
wisp/common	machid.h	1.2
wisp/common	paths.h	1.10
wisp/common	platsubs.h	1.2
wisp/common	prompt.h	1.5
wisp/common	putparm.h	1.6
wisp/common	ring.c	1.9
wisp/common	ring.h	1.7
wisp/common	scnfacs.h	1.10
wisp/common	setenvst.h	1.1
wisp/common	sharemem.h	1.8
wisp/common	sortseqf.h	1.12
wisp/common	sysdev.h	1.5
wisp/common	vssort.h	1.5
wisp/common	vwang.h	1.41
wisp/common	wangkeys.h	1.8
wisp/common	wanguid.h	1.8
wisp/common	wcommon.h	1.44
wisp/common	wdefines.h	1.20
wisp/common	werrlog.h	1.14
wisp/common	wexit.h	1.6
wisp/common	wfiledis.h	1.4
wisp/common	wfiles.h	1.11
wisp/common	wfname.h	1.6
wisp/common	wglobals.h	1.16
wisp/common	win32std.h	1.2
wisp/common	wisp_pic.c	1.11
wisp/common	wisp_pic.h	1.2
wisp/common	wispcfg.h	1.11
wisp/common	wispicon.ico	1.4
wisp/common	wispicon.rc	1.1
wisp/common	wisplib.h	1.38
wisp/common	wispnt.h	1.10
wisp/common	wispvers.h	1.2
wisp/common	wlicense.h	1.13
wisp/common	wmalloc.h	1.4
wisp/common	wperson.h	1.24
wisp/common	wrunconf.h	1.12
wisp/common	wsysconf.h	1.9
wisp/costar	INSTALL16.INF	1.15
wisp/costar	INSTALL32.INF	1.2
wisp/costar	README134.txt	1.1
wisp/costar	README14.txt	1.1
wisp/costar	README20.TXT	1.1
wisp/costar	color.ini	1.8
wisp/costar	install.inf	1.1
wisp/costar	mouse.scr	1.4
wisp/costar	vt220.kbd	1.1
wisp/costar	vt220_old_7bit.kbd	1.8
wisp/costar	w2ktelnet.txt	1.1
wisp/costar	w4w.cnf	1.5
wisp/costar	w4w.hsf	1.3
wisp/costar	w4w.key	1.4
wisp/costar	w4w.tbf	1.3
wisp/doc	VSS10019.txt	1.1
wisp/doc	acp.lis	1.3
wisp/doc	acu4gl.lis	1.3
wisp/doc	acuserver.lis	1.3
wisp/doc	acuserver_old.lis	1.3
wisp/doc	aixcobol.lis	1.1
wisp/doc	alpha_sysadm.lis	1.1
wisp/doc	aqmwisp.txt	1.1
wisp/doc	autoexec.wsp	1.1
wisp/doc	autolock.lis	1.2
wisp/doc	config.wsp	1.1
wisp/doc	convanl.txt	1.1
wisp/doc	costarntdd.txt	1.1
wisp/doc	dataconv.lis	1.2
wisp/doc	distrib.lis	1.1
wisp/doc	doc_struc_wisp_notes.lis	1.2
wisp/doc	docsort.lis	1.2
wisp/doc	dosship.lis	1.1
wisp/doc	doswisp.lis	1.2
wisp/doc	doswisp32x8.lis	1.1
wisp/doc	ede3_3.lis	1.1
wisp/doc	edeoldoc.lis	1.1
wisp/doc	editwin.lis	1.1
wisp/doc	eightbit.txt	1.2
wisp/doc	fxzone.lis	1.1
wisp/doc	idsi_mods.lis	1.1
wisp/doc	jt_standards.lis	1.1
wisp/doc	kcsi_install_unix.lis	1.1
wisp/doc	kcsi_vms_install.lis	1.1
wisp/doc	license.lis	1.1
wisp/doc	licinstall.lis	1.2
wisp/doc	lincount.lis	1.1
wisp/doc	loadede.doc	1.1
wisp/doc	message.lis	1.1
wisp/doc	mfcobol.lis	1.1
wisp/doc	mflink.lis	1.3
wisp/doc	newunix.lis	1.1
wisp/doc	nonascii.txt	1.5
wisp/doc	nttelnet.txt	1.7
wisp/doc	openiox.lis	1.1
wisp/doc	opproc1.lis	1.1
wisp/doc	patch32.lis	1.1
wisp/doc	portdos.lis	1.1
wisp/doc	portinglist.lis	1.1
wisp/doc	portunique.lis	1.1
wisp/doc	portunix.lis	1.19
wisp/doc	portvms.lis	1.1
wisp/doc	portwin32.txt	1.15
wisp/doc	pqnp.lis	1.1
wisp/doc	prefixpath.lis	1.1
wisp/doc	prerelease.lis	1.1
wisp/doc	printq.doc	1.1
wisp/doc	printq.relnotes	1.1
wisp/doc	printqv3x.doc	1.1
wisp/doc	proctran.doc	1.1
wisp/doc	products.lis	1.29
wisp/doc	qaede.doc	1.1
wisp/doc	qawisp.lis	1.38
wisp/doc	qawisp32.lis	1.1
wisp/doc	readme.dos	1.1
wisp/doc	relparts.lis	1.1
wisp/doc	relsteps.lis	1.1
wisp/doc	retcode.lis	1.1
wisp/doc	rms_kitbuild.lis	1.1
wisp/doc	scslibs.lis	1.1
wisp/doc	setup_wisp_doc.com	1.1
wisp/doc	shipltr.txt	1.1
wisp/doc	signal.lis	1.1
wisp/doc	sourcekit.lis	1.1
wisp/doc	stdidsi.doc	1.1
wisp/doc	systems.lis	1.1
wisp/doc	techsurvey.lis	1.1
wisp/doc	tpu.tjl	1.1
wisp/doc	trng_1wu.lis	1.2
wisp/doc	trng_1wu_syn.lis	1.2
wisp/doc	trng_1wvms.lis	1.1
wisp/doc	trng_1wvms_syn.lis	1.1
wisp/doc	trng_3du.lis	1.1
wisp/doc	unix_shipkit.lis	1.2
wisp/doc	unixmodm.lis	1.1
wisp/doc	uselicense.lis	1.2
wisp/doc	v20b_errata.lis	1.1
wisp/doc	v20b_relnotes.lis	1.1
wisp/doc	v20c_errata.lis	1.1
wisp/doc	v20c_relnotes.lis	1.1
wisp/doc	v20d_errata.lis	1.1
wisp/doc	v20d_relnotes.lis	1.1
wisp/doc	v20e_errata.lis	1.1
wisp/doc	v20e_relnotes.lis	1.1
wisp/doc	v20f_relnotes.lis	1.1
wisp/doc	v20release.notes	1.1
wisp/doc	v21errata.old	1.1
wisp/doc	v21release.old	1.1
wisp/doc	v30_relnotes.lis	1.1
wisp/doc	v30notice.lis	1.1
wisp/doc	v30notice.vms	1.1
wisp/doc	v31_relnotes.lis	1.1
wisp/doc	v32_relnotes.lis	1.2
wisp/doc	v33_relnotes.lis	1.2
wisp/doc	v34_relnotes.lis	1.9
wisp/doc	v40_relnotes.lis	1.5
wisp/doc	v41_relnotes.lis	1.20
wisp/doc	v42_relnotes.lis	1.20
wisp/doc	v43_relnotes.lis	1.73
wisp/doc	vax_class_discussions.lis	1.1
wisp/doc	vcolors.txt	1.1
wisp/doc	vms_shipkit.lis	1.1
wisp/doc	vmsfast.lis	1.1
wisp/doc	vmslink.doc	1.1
wisp/doc	vmsq100.txt	1.1
wisp/doc	vsedit.lis	1.2
wisp/doc	vsxdoc.lis	1.1
wisp/doc	w4w.lis	1.12
wisp/doc	w4wdisks.lis	1.3
wisp/doc	wisp_install_unix.txt	1.9
wisp/doc	wisp_relnotes.txt	1.41
wisp/doc	wisp_share.lis	1.1
wisp/doc	wispacn.txt	1.12
wisp/doc	wispbeta.lis	1.1
wisp/doc	wispcutover.txt	1.4
wisp/doc	wispdirs.lis	1.1
wisp/doc	wispezmenu.lis	1.1
wisp/doc	wispitem.lis	1.1
wisp/doc	wisplib.txt	1.1
wisp/doc	wispntdoc.txt	1.20
wisp/doc	wispntsetup.txt	1.15
wisp/doc	wispuniq.lis	1.1
wisp/doc	wproc.txt	1.26
wisp/doc	wrtinstall.doc	1.1
wisp/doc	wsfns.lis	1.1
wisp/doc	wsort.lis	1.3
wisp/ede	ede.dsp	1.3
wisp/ede	ede_prelim.doc	1.6
wisp/ede	edehelp.c	1.13
wisp/ede	edehli.c	1.8
wisp/ede	edelib.dsp	1.6
wisp/ede	edelibm.dsp	1.1
wisp/ede	edenetc.c	1.11
wisp/ede	edentsetup.txt	1.7
wisp/ede	edeoldoc.c	1.8
wisp/ede	edev1.rln	1.6
wisp/ede	genvec.c	1.8
wisp/ede	good.c	1.8
wisp/ede	good.dsp	1.5
wisp/ede	good.mak	1.3
wisp/ede	good.umf	1.10
wisp/ede	libede.mak	1.3
wisp/ede	libede.umf	1.11
wisp/ede	libeded.umf	1.6
wisp/ede	menudemomf.umf	1.4
wisp/ede	readme.ede	1.3
wisp/ede	sfreu041.c	1.6
wisp/etc	CHARMAP	1.7
wisp/etc	FORMS	1.5
wisp/etc	LGMAP	1.5
wisp/etc	LPMAP	1.5
wisp/etc	OPTIONS	1.33
wisp/etc	PRMAP	1.5
wisp/etc	SCMAP	1.6
wisp/etc	W4WMAP	1.3
wisp/etc	acpmap.dat	1.5
wisp/etc	addstd.sh	1.2
wisp/etc	copywispmsg.sh	1.6
wisp/etc	kbmap.dat	1.5
wisp/etc	lgmap.dos	1.3
wisp/etc	linecnt.sh	1.3
wisp/etc	lpmap.vms	1.6
wisp/etc	mtmap.dat	1.5
wisp/etc	pqmap.dat	1.5
wisp/etc	prtmap.dat	1.3
wisp/etc	ttmap.dat	1.5
wisp/etc	wispmsg.txt	1.12
wisp/etc	wrun.cfg	1.5
wisp/etc	wrunconfig	1.6
wisp/etc	wsysconf.cfg	1.3
Project [wisp/ivs] does not exist!
wisp/kcsi	kcsi.dsp	1.2
wisp/kcsi/create	create.h	1.4
wisp/kcsi/create	create.umf	1.29
wisp/kcsi/create	create_install.txt	1.14
wisp/kcsi/create	create_packlist.txt	1.15
wisp/kcsi/create	create_relnotes.txt	1.14
wisp/kcsi/create	create_relnotes_v17.txt	1.2
wisp/kcsi/create	createacu.dsp	1.3
wisp/kcsi/create	createlibacu.dsp	1.11
wisp/kcsi/create	createntsetup.txt	1.4
wisp/kcsi/create	createunix.umf	1.31
wisp/kcsi/create	disam.h	1.2
wisp/kcsi/create	ll.c	1.5
wisp/kcsi/create	ll.h	1.7
wisp/kcsi/create	version.c	1.3
wisp/kcsi/create	vscracu.c	1.5
wisp/kcsi/create	vscrbchk.c	1.4
wisp/kcsi/create	vscrblk.c	1.6
wisp/kcsi/create	vscrdbg.c	1.4
wisp/kcsi/create	vscreoj.c	1.4
wisp/kcsi/create	vscrffld.c	1.4
wisp/kcsi/create	vscrfile.c	1.4
wisp/kcsi/create	vscrglb.c	1.2
wisp/kcsi/create	vscrglb.h	1.3
wisp/kcsi/create	vscrhelp.c	1.5
wisp/kcsi/create	vscrkwfo.c	1.3
wisp/kcsi/create	vscrmain.c	1.12
wisp/kcsi/create	vscrout.c	1.13
wisp/kcsi/create	vscrspky.c	1.3
wisp/kcsi/create	vscrsqz.c	1.4
wisp/kcsi/crid	acucobol.dmf	1.1
wisp/kcsi/crid	blnksc.wcb	1.2
wisp/kcsi/crid	brando.c	1.3
wisp/kcsi/crid	bub.c	1.3
wisp/kcsi/crid	config85.c.old	1.4
wisp/kcsi/crid	control.c	1.3
wisp/kcsi/crid	crid.dsp	1.3
wisp/kcsi/crid	crid85.c	1.3
wisp/kcsi/crid	crid_acu_install.txt	1.15
wisp/kcsi/crid	crid_debug_notes.txt	1.3
wisp/kcsi/crid	crid_mf_install.txt	1.16
wisp/kcsi/crid	crid_packlist.txt	1.18
wisp/kcsi/crid	crid_relnotes.txt	1.33
wisp/kcsi/crid	cridacu.dsp	1.3
wisp/kcsi/crid	cridlib.dsp	1.12
wisp/kcsi/crid	cridlibm.dsp	1.5
wisp/kcsi/crid	cridmake.mak	1.11
wisp/kcsi/crid	cridmake.umf	1.30
wisp/kcsi/crid	cridmfx.umf	1.2
wisp/kcsi/crid	cridntsetup.txt	1.10
wisp/kcsi/crid	cridtbl.c	1.3
wisp/kcsi/crid	cridtest.wcb	1.3
wisp/kcsi/crid	cridvers.c	2.91
wisp/kcsi/crid	ctlcnvrt.wcb	1.5
wisp/kcsi/crid	ctlseq	1.2
wisp/kcsi/crid	ctlseq.idx	1.2
wisp/kcsi/crid	ctrlary.wcb	1.2
wisp/kcsi/crid	ctrldepp.wcb	1.2
wisp/kcsi/crid	ctrldif.wcb	1.2
wisp/kcsi/crid	ctrldio.wcb	1.2
wisp/kcsi/crid	ctrlerr.wcb	1.3
wisp/kcsi/crid	ctrlext.wcb	1.2
wisp/kcsi/crid	ctrlfil.wcb	1.2
wisp/kcsi/crid	ctrlfld.wcb	1.3
wisp/kcsi/crid	ctrlgrp.wcb	1.2
wisp/kcsi/crid	ctrlhdi.wcb	1.2
wisp/kcsi/crid	ctrlhdl.wcb	1.2
wisp/kcsi/crid	ctrlhdr.wcb	1.3
wisp/kcsi/crid	ctrlio.wcb	1.2
wisp/kcsi/crid	ctrllst.wcb	1.4
wisp/kcsi/crid	ctrlmain.wcb	1.3
wisp/kcsi/crid	ctrlmap.wcb	1.2
wisp/kcsi/crid	ctrload.wcb	1.2
wisp/kcsi/crid	ctrlopt.wcb	1.2
wisp/kcsi/crid	ctrloptl.wcb	1.2
wisp/kcsi/crid	ctrlprt.wcb	1.3
wisp/kcsi/crid	ctrlrng.wcb	1.3
wisp/kcsi/crid	ctrlseq.wcb	1.3
wisp/kcsi/crid	ctrltbl.wcb	1.4
wisp/kcsi/crid	ctrlval.wcb	1.2
wisp/kcsi/crid	dadd.c	1.4
wisp/kcsi/crid	datentry.c	1.3
wisp/kcsi/crid	daux.c	1.4
wisp/kcsi/crid	dbsc.c	1.6
wisp/kcsi/crid	dchg.c	1.3
wisp/kcsi/crid	ddel.c	1.3
wisp/kcsi/crid	dglb.c	1.3
wisp/kcsi/crid	direct.c	1.2
wisp/kcsi/crid	dkey.c	1.4
wisp/kcsi/crid	dmnt.c	1.5
wisp/kcsi/crid	dtectl.wcb	1.3
wisp/kcsi/crid	dtedat.c	1.4
wisp/kcsi/crid	dtefac.wcb	1.3
wisp/kcsi/crid	dteinqpp.wcb	1.2
wisp/kcsi/crid	dtekey.c	1.6
wisp/kcsi/crid	dteload.wcb	1.3
wisp/kcsi/crid	dtemain.wcb	1.2
wisp/kcsi/crid	dtemnu.wcb	1.3
wisp/kcsi/crid	dteoop.wcb	1.3
wisp/kcsi/crid	dtespc.wcb	1.2
wisp/kcsi/crid	dteupd.wcb	1.2
wisp/kcsi/crid	dteuph.wcb	1.2
wisp/kcsi/crid	dtexst.wcb	1.3
wisp/kcsi/crid	dval.c	1.3
wisp/kcsi/crid	fdcrt.wcb	1.1
wisp/kcsi/crid	fdctrl.wcb	1.1
wisp/kcsi/crid	fdprt.wcb	1.1
wisp/kcsi/crid	fdrpt.wcb	1.1
wisp/kcsi/crid	figs.wcb	1.1
wisp/kcsi/crid	igen.c	1.8
wisp/kcsi/crid	iglb.c	1.3
wisp/kcsi/crid	inidio.c	1.3
wisp/kcsi/crid	inqctl.wcb	1.2
wisp/kcsi/crid	inqdat.wcb	1.4
wisp/kcsi/crid	inqent.wcb	1.3
wisp/kcsi/crid	inqget.wcb	1.2
wisp/kcsi/crid	inqhlp.wcb	1.2
wisp/kcsi/crid	inqmain.wcb	1.3
wisp/kcsi/crid	inqmak.wcb	1.4
wisp/kcsi/crid	inqnam.wcb	1.3
wisp/kcsi/crid	inqopt.wcb	1.3
wisp/kcsi/crid	inqrpt.wcb	1.4
wisp/kcsi/crid	inquiry.c	1.3
wisp/kcsi/crid	inqxst.wcb	1.3
wisp/kcsi/crid	inqxtr.wcb	1.2
wisp/kcsi/crid	install_crid_dos.lis	1.2
wisp/kcsi/crid	install_crid_vms.lis	1.4
wisp/kcsi/crid	ioctrl.wcb	1.1
wisp/kcsi/crid	iodata.wcb	1.1
wisp/kcsi/crid	iorpt.wcb	1.1
wisp/kcsi/crid	iprs.c	1.3
wisp/kcsi/crid	itkn.c	1.3
wisp/kcsi/crid	iwrt.c	1.3
wisp/kcsi/crid	kcsictl.inf	1.2
wisp/kcsi/crid	kcsictl.seq	1.1
wisp/kcsi/crid	kcsii3.inf	1.2
wisp/kcsi/crid	kcsii4.inf	1.2
wisp/kcsi/crid	kcsiidx.i3	1.2
wisp/kcsi/crid	kcsiidx.i4	1.2
wisp/kcsi/crid	kcsiidx.inf	1.1
wisp/kcsi/crid	kcsio.c	1.13
wisp/kcsi/crid	kcsiseq	1.1
wisp/kcsi/crid	kcsitest.sh	1.1
wisp/kcsi/crid	kdisp.c	1.5
wisp/kcsi/crid	kunpak.c	1.2
wisp/kcsi/crid	kvxi.c	1.3
wisp/kcsi/crid	listmopt.wcb	1.2
wisp/kcsi/crid	lkctrl.wcb	1.1
wisp/kcsi/crid	lkctrlar.wcb	1.1
wisp/kcsi/crid	lkdio.wcb	1.1
wisp/kcsi/crid	lkprc.wcb	1.1
wisp/kcsi/crid	lkufb.wcb	1.1
wisp/kcsi/crid	lkvalnam.wcb	1.1
wisp/kcsi/crid	mfstub.c	1.3
wisp/kcsi/crid	piclen.c	1.3
wisp/kcsi/crid	plbubble.wcb	1.1
wisp/kcsi/crid	plcrt.wcb	1.1
wisp/kcsi/crid	plctrlf.wcb	1.1
wisp/kcsi/crid	plctrlh.wcb	1.1
wisp/kcsi/crid	pldisp.wcb	1.1
wisp/kcsi/crid	pldispk.wcb	1.1
wisp/kcsi/crid	plgp.wcb	1.1
wisp/kcsi/crid	plkeep.wcb	1.1
wisp/kcsi/crid	plktrace.wcb	1.1
wisp/kcsi/crid	pllink.wcb	1.1
wisp/kcsi/crid	plscrtch.wcb	1.1
wisp/kcsi/crid	plswait.wcb	1.2
wisp/kcsi/crid	pltrace.wcb	1.1
wisp/kcsi/crid	plusage.wcb	1.1
wisp/kcsi/crid	qakcsi.lis	1.1
wisp/kcsi/crid	rbld.c	1.2
wisp/kcsi/crid	rcal.c	1.4
wisp/kcsi/crid	rcctrl.wcb	1.1
wisp/kcsi/crid	rcctrlf.wcb	1.1
wisp/kcsi/crid	rcctrlh.wcb	1.1
wisp/kcsi/crid	rcctrlt1.wcb	1.3
wisp/kcsi/crid	rcctrlt2.wcb	1.3
wisp/kcsi/crid	rcmp.c	1.5
wisp/kcsi/crid	rcrpt.wcb	1.1
wisp/kcsi/crid	rcvp.c	1.4
wisp/kcsi/crid	rcvs.c	1.2
wisp/kcsi/crid	rcvt.c	1.9
wisp/kcsi/crid	release.crd	1.1
wisp/kcsi/crid	report.c	1.3
wisp/kcsi/crid	rfmt.c	1.6
wisp/kcsi/crid	rglb.c	1.2
wisp/kcsi/crid	rlbio.c	1.2
wisp/kcsi/crid	rpln.c	1.5
wisp/kcsi/crid	rptaka.wcb	1.5
wisp/kcsi/crid	rptckfl.wcb	1.2
wisp/kcsi/crid	rptcld.wcb	1.4
wisp/kcsi/crid	rptcln.wcb	1.2
wisp/kcsi/crid	rptcnvrt.wcb	1.5
wisp/kcsi/crid	rptcol.wcb	1.4
wisp/kcsi/crid	rptcon.wcb	1.3
wisp/kcsi/crid	rptctl.wcb	1.2
wisp/kcsi/crid	rptctlh.wcb	1.3
wisp/kcsi/crid	rptctll.wcb	1.3
wisp/kcsi/crid	rptctlm.wcb	1.4
wisp/kcsi/crid	rptctlp.wcb	1.2
wisp/kcsi/crid	rptdef.wcb	1.3
wisp/kcsi/crid	rptdnw.wcb	1.3
wisp/kcsi/crid	rptdup.wcb	1.3
wisp/kcsi/crid	rptedo.wcb	1.3
wisp/kcsi/crid	rptedt.wcb	1.4
wisp/kcsi/crid	rptedth.wcb	1.3
wisp/kcsi/crid	rptfil.wcb	1.4
wisp/kcsi/crid	rptio.wcb	1.2
wisp/kcsi/crid	rptlim.wcb	1.3
wisp/kcsi/crid	rptlod.wcb	1.7
wisp/kcsi/crid	rptmain.wcb	1.2
wisp/kcsi/crid	rptmak.wcb	1.4
wisp/kcsi/crid	rptmdt.wcb	1.3
wisp/kcsi/crid	rptmnu.wcb	1.3
wisp/kcsi/crid	rptmod.wcb	1.4
wisp/kcsi/crid	rptmor.wcb	1.3
wisp/kcsi/crid	rptnew.wcb	1.3
wisp/kcsi/crid	rptnfl.wcb	1.3
wisp/kcsi/crid	rptopt.wcb	1.2
wisp/kcsi/crid	rptpdt.wcb	1.3
wisp/kcsi/crid	rptpfl.wcb	1.8
wisp/kcsi/crid	rptpfmnu.wcb	1.1
wisp/kcsi/crid	rptphlp.wcb	1.3
wisp/kcsi/crid	rptsdt.wcb	1.4
wisp/kcsi/crid	rptseq.wcb	1.4
wisp/kcsi/crid	rptsfl.wcb	1.3
wisp/kcsi/crid	rptsiz.wcb	1.4
wisp/kcsi/crid	rptsor.wcb	1.3
wisp/kcsi/crid	rptspc.wcb	1.4
wisp/kcsi/crid	rptsum.wcb	1.4
wisp/kcsi/crid	rpttit.wcb	1.3
wisp/kcsi/crid	rptwmain.wcb	1.2
wisp/kcsi/crid	rptwmn.wcb	1.6
wisp/kcsi/crid	rptwop.wcb	1.3
wisp/kcsi/crid	rptxcl.wcb	1.3
wisp/kcsi/crid	rptxdt.wcb	1.3
wisp/kcsi/crid	rptxfl.wcb	1.3
wisp/kcsi/crid	rptxln.wcb	1.3
wisp/kcsi/crid	rsel.c	1.2
wisp/kcsi/crid	rsrt.c	1.5
wisp/kcsi/crid	rtie.c	1.4
wisp/kcsi/crid	rwhlp.c	1.3
wisp/kcsi/crid	rwop.c	1.4
wisp/kcsi/crid	rwrt.c	1.5
wisp/kcsi/crid	rwsrt.c	1.3
wisp/kcsi/crid	scgpem.wcb	1.1
wisp/kcsi/crid	slcrt.wcb	1.1
wisp/kcsi/crid	slctrl.wcb	1.1
wisp/kcsi/crid	slprt.wcb	1.1
wisp/kcsi/crid	slrpt.wcb	1.1
wisp/kcsi/crid	strtkn.c	1.2
wisp/kcsi/crid	tableio.wcb	1.2
wisp/kcsi/crid	tstextfh.wcb	1.2
wisp/kcsi/crid	v268_relnotes.lis	1.1
wisp/kcsi/crid	wsbubble.wcb	1.1
wisp/kcsi/crid	wsconst.wcb	1.3
wisp/kcsi/crid	wscrt.wcb	1.1
wisp/kcsi/crid	wscrts.wcb	1.1
wisp/kcsi/crid	wsctrl.wcb	1.1
wisp/kcsi/crid	wsdisp.wcb	1.1
wisp/kcsi/crid	wsdispk.wcb	1.1
wisp/kcsi/crid	wsfileio.wcb	1.1
wisp/kcsi/crid	wsgp.wcb	1.2
wisp/kcsi/crid	wsgpem.wcb	1.1
wisp/kcsi/crid	wsint.wcb	1.1
wisp/kcsi/crid	wsiocode.wcb	1.1
wisp/kcsi/crid	wskeep.wcb	1.1
wisp/kcsi/crid	wsktrace.wcb	1.1
wisp/kcsi/crid	wslink.wcb	1.1
wisp/kcsi/crid	wsprt.wcb	1.1
wisp/kcsi/crid	wsrpt.wcb	1.1
wisp/kcsi/crid	wsrptcfl.wcb	1.5
wisp/kcsi/crid	wsrptopt.wcb	1.1
wisp/kcsi/crid	wsrptrec.wcb	1.4
wisp/kcsi/crid	wsrptwrk.wcb	1.1
wisp/kcsi/crid	wsscrtch.wcb	1.1
wisp/kcsi/crid	wstrace.wcb	1.1
wisp/kcsi/crid	wsusage.wcb	1.1
wisp/kcsi/common	assert.c	1.1
wisp/kcsi/common	assert.h	1.1
wisp/kcsi/common	brando.h	1.3
wisp/kcsi/common	brlio.c	1.7
wisp/kcsi/common	ccsioerr.c	1.8
wisp/kcsi/common	cobioblk.h	1.3
wisp/kcsi/common	cobstat.h	1.3
wisp/kcsi/common	crec.h	1.3
wisp/kcsi/common	crid.h	1.4
wisp/kcsi/common	cridebug.c	1.9
wisp/kcsi/common	cridebug.h	1.5
wisp/kcsi/common	datcob.h	1.4
wisp/kcsi/common	dbsc.h	1.3
wisp/kcsi/common	dcontrol.h	1.3
wisp/kcsi/common	dglb.h	1.3
wisp/kcsi/common	dmnt.h	1.3
wisp/kcsi/common	dscr.h	1.3
wisp/kcsi/common	dtype.h	1.4
wisp/kcsi/common	dtype2.h	1.3
wisp/kcsi/common	fab.h	1.3
wisp/kcsi/common	gp.c	1.8
wisp/kcsi/common	gp.h	1.6
wisp/kcsi/common	iglb.h	1.3
wisp/kcsi/common	intdef.h	1.2
wisp/kcsi/common	iocode.h	1.3
wisp/kcsi/common	itkn.h	1.3
wisp/kcsi/common	kcsextfh.wcb	1.3
wisp/kcsi/common	kcsifunc.h	1.14
wisp/kcsi/common	kcsimem.c	1.2
wisp/kcsi/common	kcsimem.h	1.1
wisp/kcsi/common	kcsio.h	1.9
wisp/kcsi/common	kcsit.c	1.6
wisp/kcsi/common	kcsit.h	1.2
wisp/kcsi/common	kexists.c	1.6
wisp/kcsi/common	kisam.h	1.3
wisp/kcsi/common	klpi.c	1.4
wisp/kcsi/common	kmf.c	1.26
wisp/kcsi/common	kplatfrm.h	1.3
wisp/kcsi/common	kv3.c	1.12
wisp/kcsi/common	kwisp.h	1.4
wisp/kcsi/common	mffcd.h	1.9
wisp/kcsi/common	mffcd01.h	1.3
wisp/kcsi/common	rab.h	1.3
wisp/kcsi/common	rlaio.c	1.9
wisp/kcsi/common	rlmg.h	1.3
wisp/kcsi/common	rms.h	1.3
wisp/kcsi/common	rmsdef.h	1.3
wisp/kcsi/common	rptcob.h	1.3
wisp/kcsi/common	rptglb.h	1.3
wisp/kcsi/common	rptprm.h	1.3
wisp/kcsi/common	rptsrt.h	1.4
wisp/kcsi/common	seqio.c	1.7
wisp/kcsi/common	shrthand.h	1.3
wisp/kcsi/common	strtkn.h	1.3
wisp/kcsi/common	valflv.c	1.5
wisp/kcsi/common	vax_rms.h	1.3
wisp/kcsi/common	vaxiocod.h	1.3
wisp/kcsi/common	vcsio.c	1.14
wisp/kcsi/common	visn2.h	1.3
wisp/kcsi/common	visn3.h	1.4
wisp/kcsi/common	wispscr.h	1.3
wisp/kcsi/common	xab.h	1.3
wisp/lib	acp.h	1.9
wisp/lib	acpmap.c	1.11
wisp/lib	acustubs.c	1.6
wisp/lib	assert.h	1.3
wisp/lib	backgrnd.c	1.12
wisp/lib	bell.c	1.11
wisp/lib	bit_x.c	1.10
wisp/lib	bits.c	1.10
wisp/lib	breakacp.c	1.10
wisp/lib	btransl.c	1.12
wisp/lib	cancel.c	1.9
wisp/lib	cexit.c	1.9
wisp/lib	cgetneg.c	1.10
wisp/lib	checkacp.c	1.10
wisp/lib	closeacp.c	1.10
wisp/lib	coblink.c	1.11
wisp/lib	cobpic.c	1.17
wisp/lib	cobpic.h	1.4
wisp/lib	cobrun.h	1.8
wisp/lib	cobscrn.c	1.1
wisp/lib	cobscrn.h	1.1
wisp/lib	costar.c	1.31
wisp/lib	customvw.c	1.2
wisp/lib	date.c	1.22
wisp/lib	dateset.c	1.8
wisp/lib	day.c	1.12
wisp/lib	day.h	1.2
wisp/lib	dbfile.c	1.5
wisp/lib	delete.c	1.9
wisp/lib	edestubs.c	1.12
wisp/lib	errgparm.c	1.11
wisp/lib	extract.c	1.31
wisp/lib	fcopy.c	1.8
wisp/lib	fcopy.h	1.5
wisp/lib	fexists.c	1.11
wisp/lib	filecopy.c	1.13
wisp/lib	filesize.c	1.10
wisp/lib	filgparm.c	1.14
wisp/lib	filgparm.h	1.2
wisp/lib	find.c	1.18
wisp/lib	findcase.c	1.9
wisp/lib	findexts.c	1.13
wisp/lib	fixerr.c	1.10
wisp/lib	fxzone.c	1.7
wisp/lib	getparm.c	1.25
wisp/lib	gparmbld.c	1.10
wisp/lib	greclen.c	1.10
wisp/lib	hexunpk.c	1.10
wisp/lib	idsisubs.c	1.15
wisp/lib	initglbs.c	1.21
wisp/lib	initscrn.c	1.10
wisp/lib	initwisp.c	1.31
wisp/lib	isexec.c	1.15
wisp/lib	juster.c	1.10
wisp/lib	level.c	1.7
wisp/lib	libwisp.mak	1.4
wisp/lib	libwisp.umf	1.41
wisp/lib	licwisp.c	1.8
wisp/lib	link.c	1.61
wisp/lib	linkproc.c	1.16
wisp/lib	linksubs.c	1.24
wisp/lib	linkvect.c	1.11
wisp/lib	linkvect.h	1.5
wisp/lib	logoff.c	1.13
wisp/lib	longarg.c	1.9
wisp/lib	machid.c	1.15
wisp/lib	makepath.c	1.16
wisp/lib	menu.h	1.9
wisp/lib	menu_go.c	1.10
wisp/lib	menu_key.c	1.12
wisp/lib	menuread.c	1.11
wisp/lib	menuscan.c	1.14
wisp/lib	message.c	1.30
wisp/lib	mfstubs.c	1.2
wisp/lib	mngfile.c	1.35
wisp/lib	mount.c	1.11
wisp/lib	movebin.h	1.9
wisp/lib	msname.c	1.10
wisp/lib	mstime.c	1.8
wisp/lib	msvalue.c	1.8
wisp/lib	mvspaces.c	1.10
wisp/lib	mwconv.c	1.10
wisp/lib	nextfile.c	1.15
wisp/lib	noconfig.c	1.10
wisp/lib	onhelp.c	1.9
wisp/lib	openacp.c	1.14
wisp/lib	operator.c	1.5
wisp/lib	osddefs.h	1.2
wisp/lib	p0x386.h	1.8
wisp/lib	p2x386.h	1.8
wisp/lib	packer.c	1.9
wisp/lib	paths.c	1.8
wisp/lib	platsubs.c	1.11
wisp/lib	print.c	1.12
wisp/lib	protect.c	1.8
wisp/lib	putparm.c	1.14
wisp/lib	pwdname.c	1.14
wisp/lib	readacp.c	1.11
wisp/lib	readfdr.c	1.22
wisp/lib	readvtoc.c	1.14
wisp/lib	regexpr.c	1.10
wisp/lib	regexpr.h	1.6
wisp/lib	rename.c	1.18
wisp/lib	retcode.c	1.18
wisp/lib	rtransl.c	1.9
wisp/lib	runtype.c	1.13
wisp/lib	runtype.h	1.8
wisp/lib	rvmap.c	1.8
wisp/lib	rvmap.h	1.2
wisp/lib	scratch.c	1.17
wisp/lib	screen.c	1.21
wisp/lib	screen.h	1.1
wisp/lib	search.c	1.10
wisp/lib	set.c	1.15
wisp/lib	setenvst.c	1.12
wisp/lib	setfile.c	1.13
wisp/lib	setprgid.c	1.10
wisp/lib	setprgid.h	1.1
wisp/lib	setrcode.c	1.10
wisp/lib	setsymb.c	1.8
wisp/lib	settrigp.c	1.9
wisp/lib	setupqm.c	1.11
wisp/lib	sharemem.c	1.26
wisp/lib	shellvar.c	1.11
wisp/lib	shutexit.c	1.9
wisp/lib	softkeys.h	1.8
wisp/lib	sort.c	1.13
wisp/lib	sortcall.c	1.10
wisp/lib	sortlink.c	1.8
wisp/lib	sortseqf.c	1.18
wisp/lib	sortx.c	1.5
wisp/lib	spawn.c	1.10
wisp/lib	spawn.h	1.5
wisp/lib	string.c	1.13
wisp/lib	submit.c	1.34
wisp/lib	submit.h	1.2
wisp/lib	sysdev.c	1.5
wisp/lib	sysinf.c	1.10
wisp/lib	trmdef.h	1.8
wisp/lib	untabify.c	1.6
wisp/lib	updatfdr.c	1.9
wisp/lib	upper.c	1.10
wisp/lib	vdispidx.c	1.8
wisp/lib	vdispidx.h	1.5
wisp/lib	vdisplay.c	1.45
wisp/lib	visint.h	1.10
wisp/lib	visn2.h	1.8
wisp/lib	visn3.h	1.5
wisp/lib	vmspargs.c	1.10
wisp/lib	vmssort.c	1.5
wisp/lib	vmssort.h	1.5
wisp/lib	vssort.c	1.7
wisp/lib	vwang.c	1.102
wisp/lib	waccept.c	1.8
wisp/lib	wangmenu.c	1.9
wisp/lib	wanguid.c	1.13
wisp/lib	wassert.c	1.2
wisp/lib	wauthsub.c	1.12
wisp/lib	wchain.c	1.15
wisp/lib	wcmatch.c	1.8
wisp/lib	wdelfile.c	1.8
wisp/lib	wdellock.c	1.10
wisp/lib	wdfinish.c	1.9
wisp/lib	wdinit.c	1.9
wisp/lib	wdisplay.c	1.13
wisp/lib	werrlog.c	1.18
wisp/lib	werrpath.c	1.11
wisp/lib	werrvre.c	1.23
wisp/lib	wexit.c	1.15
wisp/lib	wexith.c	1.22
wisp/lib	wfaccess.c	1.15
wisp/lib	wfaccess.h	1.10
wisp/lib	wfcisam.c	1.21
wisp/lib	wfcisam.h	1.2
wisp/lib	wfclose.c	1.12
wisp/lib	wfilechk.c	1.13
wisp/lib	wfiledis.c	1.17
wisp/lib	wfileext.c	1.9
wisp/lib	wfname.c	1.22
wisp/lib	wfopen.c	1.23
wisp/lib	wfstatus.c	1.9
wisp/lib	wftok.c	1.8
wisp/lib	wfvision.c	1.21
wisp/lib	wfvision.h	1.3
wisp/lib	wfwait.c	1.11
wisp/lib	wgetpgrp.c	1.11
wisp/lib	wglobals.c	1.9
wisp/lib	win32err.c	1.4
wisp/lib	win32err.h	1.2
wisp/lib	win32msg.c	1.4
wisp/lib	win32msg.h	1.1
wisp/lib	win32prt.c	1.18
wisp/lib	win32spn.c	1.29
wisp/lib	win32spn.h	1.5
wisp/lib	winnt.c	1.17
wisp/lib	wispcfg.c	1.24
wisp/lib	wispexit.c	1.12
wisp/lib	wisplib.dsp	1.6
wisp/lib	wisplibm.dsp	1.3
wisp/lib	wispsort.c	1.34
wisp/lib	wispsync.c	1.9
wisp/lib	wispvers.c	1.1
wisp/lib	wlickey.c	1.8
wisp/lib	wmalloc.c	1.5
wisp/lib	wngdcmls.h	1.8
wisp/lib	wpause.c	1.15
wisp/lib	wperson.c	1.53
wisp/lib	wplatdef.h	1.7
wisp/lib	wprint.c	1.19
wisp/lib	writeacp.c	1.10
wisp/lib	wrunconf.c	1.13
wisp/lib	wsb.c	1.8
wisp/lib	wsb.h	1.3
wisp/lib	wsclose.c	1.9
wisp/lib	wscreen.c	1.21
wisp/lib	wscrn.h	1.8
wisp/lib	wsfnm.c	1.15
wisp/lib	wsfns.c	1.16
wisp/lib	wsfns.h	1.7
wisp/lib	wshelp.c	1.79
wisp/lib	wsmove.c	1.9
wisp/lib	wspawn.c	1.9
wisp/lib	wswap.c	1.15
wisp/lib	wsxio.c	1.14
wisp/lib	wsystem.c	1.19
wisp/lib	wtransl.c	1.11
wisp/lib	wvaset.c	1.9
wisp/lib	wwaitpid.c	1.9
wisp/menudemo	helpmap.dat	1.6
wisp/menudemo	helpmap.unix	1.6
wisp/menudemo	mcbbld.wcb	1.6
wisp/menudemo	mcbcode.hlp	1.6
wisp/menudemo	mcbcol.hlp	1.6
wisp/menudemo	mcbcpy1.wcb	1.6
wisp/menudemo	mcbcpy2.wcb	1.6
wisp/menudemo	mcbcpy3.wcb	1.6
wisp/menudemo	mcbdisp.hlp	1.6
wisp/menudemo	mcbedit.hlp	1.6
wisp/menudemo	mcbedit.wcb	1.6
wisp/menudemo	mcbicnt.hlp	1.6
wisp/menudemo	mcbname.hlp	1.6
wisp/menudemo	mcbopts.hlp	1.6
wisp/menudemo	mcbrow.hlp	1.6
wisp/menudemo	mcbtext.hlp	1.6
wisp/menudemo	mcbtype.hlp	1.6
wisp/menudemo	mcbvalue.hlp	1.6
wisp/menudemo	mcbwidth.hlp	1.6
wisp/menudemo	menubld.old	1.4
wisp/menudemo	menudefs.wcb	1.6
wisp/menudemo	menudemo.mak	1.2
wisp/menudemo	menudemo.opt	1.6
wisp/menudemo	menudemo.umf	1.6
wisp/menudemo	menudemo.wcb	1.6
wisp/menudemo	menudemomf.umf	1.3
wisp/menudemo	menudisp.wcb	1.6
wisp/menudemo	menulogo.wcb	1.7
wisp/menudemo	menumcbs.wcb	1.6
wisp/menudemo	menumgr.old	1.4
wisp/menudemo	menuvect.wcb	1.6
wisp/mf	bldmfmf.perl	1.6
wisp/mf	mf.rules	1.13
wisp/mf	mflink.cob	1.6
wisp/mf	wisplink.cpy	1.6
wisp/mf	wispmf.c	1.8
wisp/mf	wrunmf.c	1.15
wisp/mf	wrunmf.umf	1.29
wisp/mf	wrunmf_aix42_mf41.umf	1.1
wisp/nt	ACUCONFIG	1.6
wisp/nt	CHARMAP	1.3
wisp/nt	CQMAP	1.2
wisp/nt	FORMS	1.7
wisp/nt	LGMAP	1.4
wisp/nt	LPMAP	1.2
wisp/nt	PRMAP	1.2
wisp/nt	wrun.cfg	1.4
wisp/nt	wsysconf.cfg	1.2
wisp/port	all.dsp	1.3
wisp/port	bldchangelog.sh	1.3
wisp/port	bldkits.sh	1.5
wisp/port	bldshipkit.sh	1.31
wisp/port	bldsrckit.sh	1.50
wisp/port	cpdir	1.1
wisp/port	cpioz	1.2
wisp/port	etc_magic_hpux1020.txt	1.1
wisp/port	installqa.sh	1.13
wisp/port	make.include	1.43
wisp/port	maketail.sh	1.2
wisp/port	makewisp.mak	1.3
wisp/port	makewisp.umf	1.23
wisp/port	marksrckit.sh	1.3
wisp/port	portenvs.sh	1.3
wisp/port	shipkit.dsp	1.2
wisp/port	shipkitcreateacu.dsp	1.1
wisp/port	shipkitcridacu.dsp	1.1
wisp/port	shipkitede.dsp	1.1
wisp/port	shipkitwisp.dsp	1.1
wisp/port	shipnt.mak	1.48
wisp/port	tarz	1.2
wisp/port	uncpioz	1.2
wisp/port	untarz	1.3
wisp/port	which.sh	1.4
wisp/port	wisp.dsw	1.14
wisp/port	wispkit.dsp	1.6
wisp/port	wmkdep	1.2
wisp/port	wmklib	1.1
wisp/proctran	pgcblsrc.h	1.11
wisp/proctran	pgcommon.h	1.8
wisp/proctran	pgdefeqn.h	1.8
wisp/proctran	pgeqtns.h	1.8
wisp/proctran	pgextrct.h	1.8
wisp/proctran	pgglobal.h	1.9
wisp/proctran	pgkeyw.h	1.8
wisp/proctran	pgstruct.h	1.8
wisp/proctran	proctran.dsp	1.4
wisp/proctran	proctran.mak	1.4
wisp/proctran	proctran.umf	1.9
wisp/proctran	ptcheck.c	1.9
wisp/proctran	ptcli.c	1.7
wisp/proctran	ptdecl.c	1.8
wisp/proctran	ptdoit.c	1.9
wisp/proctran	ptequatn.c	1.6
wisp/proctran	ptextrct.c	1.6
wisp/proctran	ptif.c	1.8
wisp/proctran	ptinit.c	1.5
wisp/proctran	ptmain.c	1.11
wisp/proctran	ptpdiv.c	1.6
wisp/proctran	ptrens.c	1.5
wisp/proctran	ptscrdef.c	1.5
wisp/proctran	ptscreen.c	1.6
wisp/proctran	pttype.c	1.5
wisp/proctran	ptusing.c	1.5
wisp/proctran	ptutils.c	1.7
wisp/proctran	ptwrite.c	1.9
wisp/proctran	wpltest.wps	1.7
wisp/sample	ACUCONFIG.NT	1.1
wisp/sample	LPMAP.95	1.1
wisp/sample	LPMAP.NT	1.3
wisp/sample	acptest.wcb	1.5
wisp/sample	cfgacu.bat	1.3
wisp/sample	cfgmf.bat	1.3
wisp/sample	configacu.bat	1.2
wisp/sample	configacu.sh	1.15
wisp/sample	configmf.sh	1.8
wisp/sample	dispfile.wcb	1.1
wisp/sample	echocmd.c	1.1
wisp/sample	editwin.wcb	1.1
wisp/sample	fwritemeg.c	1.1
wisp/sample	leswap.wcb	1.1
wisp/sample	lgmap.acu	1.4
wisp/sample	lgmap.dac	1.3
wisp/sample	lgmap.dmc	1.3
wisp/sample	lgmap.mf	1.4
wisp/sample	lgmap.nt	1.7
wisp/sample	libwtest.dmf	1.6
wisp/sample	libwtest.umf	1.6
wisp/sample	mainmenu.wcb	1.1
wisp/sample	mnltest.wcb	1.3
wisp/sample	pptest1.wps	1.1
wisp/sample	prtargds.bat	1.3
wisp/sample	prtargnt.bat	1.2
wisp/sample	prtargs.c	1.7
wisp/sample	prtargsh.sh	1.7
wisp/sample	prttest.txt	1.1
wisp/sample	qa0000.wps	1.6
wisp/sample	qa0001.wps	1.3
wisp/sample	qabacksh.sh	1.6
wisp/sample	qabckac2.sh	1.6
wisp/sample	qabckacu.sh	1.6
wisp/sample	qabckgrd.umf	1.6
wisp/sample	qabckgrd.wcb	1.8
wisp/sample	qabcklp2.sh	1.6
wisp/sample	qabcklpi.sh	1.6
wisp/sample	qabckmf.sh	1.5
wisp/sample	qabckmf2.sh	1.5
wisp/sample	qabckpc2.wps	1.3
wisp/sample	qabckprc.wps	1.3
wisp/sample	qabkpacu.sh	1.6
wisp/sample	qabkplpi.sh	1.6
wisp/sample	qabkpmf.sh	1.5
wisp/sample	qacopy.wps	1.1
wisp/sample	qacreate.wps	1.1
wisp/sample	qadpcoma.wcb	1.4
wisp/sample	qafile2.wcb	1.18
wisp/sample	qafileio.wcb	1.17
wisp/sample	qaflags.bat	1.1
wisp/sample	qaflags.sh	1.1
wisp/sample	qagp255.c	1.6
wisp/sample	qamisc.c	1.6
wisp/sample	qanetcap.wcb	1.6
wisp/sample	qaprint.wcb	1.11
wisp/sample	qascreen.wcb	1.14
wisp/sample	qascrn2.wcb	1.13
wisp/sample	qasmall.wcb	1.4
wisp/sample	qasmall2.wcb	1.4
wisp/sample	qasmall3.wcb	1.4
wisp/sample	qasmall4.wcb	1.4
wisp/sample	qasort.wps	1.1
wisp/sample	qastart.wps	1.1
wisp/sample	qasubs.wcb	1.35
wisp/sample	qasy000m.wcb	1.6
wisp/sample	qasys99.wcb	1.6
wisp/sample	qatstlst.c	1.7
wisp/sample	qautils.sh	1.6
wisp/sample	qawsfnm.wcb	1.6
wisp/sample	qawsfns.wcb	1.6
wisp/sample	qawsubs.wcb	1.7
wisp/sample	qawsxio.wcb	1.4
wisp/sample	samopt.opt	1.6
wisp/sample	sample.umf	1.2
wisp/sample	sample.wcb	1.15
wisp/sample	sampleacu.bat	1.2
wisp/sample	sampleacu.mak	1.13
wisp/sample	sampleacu.umf	1.28
wisp/sample	samplelpi.umf	1.6
wisp/sample	samplemf.umf	1.17
wisp/sample	startacu.bat	1.3
wisp/sample	startmf.bat	1.3
wisp/sample	startup.acu	1.12
wisp/sample	startup.mf	1.11
wisp/sample	startupacu.sh	1.3
wisp/sample	startupmf.sh	1.3
wisp/sample	sub1.wcb	1.8
wisp/sample	sub2.wcb	1.6
wisp/sample	sub3.wcb	1.7
wisp/sample	t2x1.wcb	1.1
wisp/sample	testacu.dsp	1.2
wisp/sample	testcopy.wcb	1.6
wisp/sample	testsub.sh	1.6
wisp/sample	testvararg.c	1.6
wisp/sample	toccurs.wcb	1.1
wisp/sample	trigger.wcb	1.7
wisp/sample	tstpp.sh	1.1
wisp/sample	usa.ps	1.1
wisp/sample	wait5min.c	1.4
wisp/sample	wisptest.key	1.6
wisp/sample	wisptest.opt	1.7
wisp/sample	wisptest.wcb	1.11
wisp/sample	wl0000.wcb	1.8
wisp/sample	wl0010.wcb	1.2
wisp/sample	wl0011.wcb	1.1
wisp/sample	wl0012.wcb	1.4
wisp/sample	wl0013.wcb	1.4
wisp/sample	wl0014.wcb	1.3
wisp/sample	wl0015.wcb	1.3
wisp/sample	wl0016.wcb	1.8
wisp/sample	wl0017.wcb	1.1
wisp/sample	wl0018.wcb	1.2
wisp/sample	wl0018a.wcb	1.3
wisp/sample	wl0018b.wcb	1.3
wisp/sample	wl0019.wcb	1.1
wisp/sample	wl0020.wcb	1.2
wisp/sample	wl0021.wcb	1.2
wisp/sample	wl0022.wcb	1.4
wisp/sample	wl0023.wcb	1.2
wisp/sample	wl0024.wcb	1.2
wisp/sample	wl0025.wcb	1.2
wisp/sample	wl0026.wcb	1.3
wisp/sample	wl0027.wcb	1.1
wisp/sample	wrun_acu.cfg	1.3
wisp/sample	wrunconfig.acu	1.7
wisp/sample	wrunconfig.mf	1.4
wisp/sample	wt0010.wcb	1.3
wisp/sample	wt0011.wcb	1.1
wisp/sample	wt0012.wcb	1.1
wisp/sample	wtcp#cl3.wcb	1.1
wisp/sample	wtcpbin1.wcb	1.1
wisp/sample	wtcpcl1.wcb	1.1
wisp/sample	wtcpcl2.wcb	1.1
wisp/sample	wtcpcl3.wcb	1.1
wisp/sample	wtcpfac1.wcb	1.1
wisp/sample	wtcpfac2.wcb	1.1
wisp/sample	wtcpfd1.wcb	1.1
wisp/sample	wtcpsl1.wcb	1.1
wisp/sample	wtcpst1.wcb	1.1
wisp/sample	wtcpx1.wcb	1.1
wisp/sample	xlink.wcb	1.9
wisp/sample	xlink1.wcb	1.8
wisp/sample	xyz	1.1
wisp/tran	cobfiles.h	1.6
wisp/tran	crt.h	1.5
wisp/tran	dataconv.c	1.9
wisp/tran	demovali.h	1.11
wisp/tran	directiv.h	1.6
wisp/tran	input.c	1.11
wisp/tran	input.h	1.5
wisp/tran	keylist.h	1.5
wisp/tran	keywords.c	1.13
wisp/tran	keywords.h	1.9
wisp/tran	lines.h	1.5
wisp/tran	node.c	1.8
wisp/tran	node.h	1.7
wisp/tran	old.c	1.4
wisp/tran	output.c	1.13
wisp/tran	output.h	1.7
wisp/tran	proto.h	1.14
wisp/tran	reduce.c	1.6
wisp/tran	reduce.h	1.6
wisp/tran	scrn.h	1.8
wisp/tran	statment.c	1.11
wisp/tran	statment.h	1.7
wisp/tran	stats.c	1.5
wisp/tran	t_accept.wcb	1.3
wisp/tran	t_add.wcb	1.1
wisp/tran	t_call.wcb	1.5
wisp/tran	t_close.wcb	1.4
wisp/tran	t_commit.wcb	1.2
wisp/tran	t_delete.wcb	1.2
wisp/tran	t_display.wcb	1.7
wisp/tran	t_free.wcb	1.3
wisp/tran	t_go.wcb	1.1
wisp/tran	t_hold.wcb	1.1
wisp/tran	t_if.wcb	1.3
wisp/tran	t_merge.wcb	1.2
wisp/tran	t_move.wcb	1.3
wisp/tran	t_open.wcb	1.4
wisp/tran	t_perform.wcb	1.1
wisp/tran	t_progid.wcb	1.1
wisp/tran	t_read.wcb	1.8
wisp/tran	t_rewrite.wcb	1.2
wisp/tran	t_search.wcb	1.1
wisp/tran	t_set.wcb	1.3
wisp/tran	t_sort.wcb	1.3
wisp/tran	t_start.wcb	1.2
wisp/tran	t_stop.wcb	1.2
wisp/tran	t_string.wcb	1.1
wisp/tran	t_write.wcb	1.4
wisp/tran	test0000.wcb	1.2
wisp/tran	test0001.wcb	1.2
wisp/tran	token.h	1.6
wisp/tran	tokenize.c	1.11
wisp/tran	tokenize.h	1.6
wisp/tran	untabstr.c	1.6
wisp/tran	wisp.c	1.21
wisp/tran	wisp.h	1.16
wisp/tran	wisp.umf	1.17
wisp/tran	wispd.umf	1.5
wisp/tran	wispfile.h	1.7
wisp/tran	wispnt.mak	1.1
wisp/tran	wisptran.dsp	1.4
wisp/tran	wmalloc.c	1.7
wisp/tran	wmalloc.h	1.7
wisp/tran	words.def	1.9
wisp/tran	wt_acept.c	1.18
wisp/tran	wt_call.c	1.26
wisp/tran	wt_cli.c	1.25
wisp/tran	wt_crtrw.c	1.18
wisp/tran	wt_datad.c	1.12
wisp/tran	wt_datad.h	1.5
wisp/tran	wt_debug.c	1.7
wisp/tran	wt_decl.c	1.12
wisp/tran	wt_delet.c	1.15
wisp/tran	wt_disp.c	1.23
wisp/tran	wt_disp.h	1.6
wisp/tran	wt_divs.c	1.15
wisp/tran	wt_files.c	1.13
wisp/tran	wt_free.c	1.14
wisp/tran	wt_ident.c	1.18
wisp/tran	wt_if.c	1.14
wisp/tran	wt_input.c	1.19
wisp/tran	wt_io.c	1.16
wisp/tran	wt_locks.c	1.15
wisp/tran	wt_locks.h	1.1
wisp/tran	wt_opcls.c	1.24
wisp/tran	wt_procd.c	1.22
wisp/tran	wt_procd.h	1.6
wisp/tran	wt_read.c	1.20
wisp/tran	wt_scrn.c	1.28
wisp/tran	wt_sort.c	1.14
wisp/tran	wt_start.c	1.15
wisp/tran	wt_utils.c	1.16
wisp/tran	wt_write.c	1.15
wisp/tran	wt_wsdat.c	1.17
wisp/tran	wt_wsdiv.c	1.17
wisp/utils	addlf.c	1.4
wisp/utils	alloca.c	1.7
wisp/utils	bldmf.c	1.15
wisp/utils	bldmf.h	1.6
wisp/utils	bldmf.perl	1.6
wisp/utils	bldmf_l.l	1.6
wisp/utils	bldscr.c	1.7
wisp/utils	byteorder.c	1.7
wisp/utils	cols.c	1.7
wisp/utils	costar_mouseoff.c	1.1
wisp/utils	costar_mouseon.c	1.1
wisp/utils	display.c	1.13
wisp/utils	display.dsp	1.4
wisp/utils	disprint.mak	1.5
wisp/utils	disprint.umf	1.4
wisp/utils	disprint.wcb	1.12
wisp/utils	dumphdr.c	1.5
wisp/utils	enquire.c	1.7
wisp/utils	ezfacu.umf	1.3
wisp/utils	ezfmf.umf	1.3
wisp/utils	ezformat.wcb	1.6
wisp/utils	ezmake.wcb	1.6
wisp/utils	ezonemnu.wcb	1.3
wisp/utils	eztomnu.wcb	1.7
wisp/utils	eztomnuacu.umf	1.3
wisp/utils	eztomnuaix.umf	1.3
wisp/utils	fdump.c	1.7
wisp/utils	fxzone.umf	1.6
wisp/utils	getezname.c	1.8
wisp/utils	hexed.c	1.19
wisp/utils	hexed.dsp	1.3
wisp/utils	hexv.c	1.7
wisp/utils	license.template	1.7
wisp/utils	linecnt.c	1.8
wisp/utils	lkmntxt.cpy	1.6
wisp/utils	makemsg.c	1.10
wisp/utils	makemsg.dsp	1.3
wisp/utils	mergemod.c	1.4
wisp/utils	pfkey.c	1.7
wisp/utils	pfkey.umf	1.6
wisp/utils	printout.wcb	1.3
wisp/utils	prntname.c	1.8
wisp/utils	prntname.umf	1.7
wisp/utils	prompt.c	1.7
wisp/utils	qapic.c	1.8
wisp/utils	qapic.dsp	1.5
wisp/utils	readtape.c	1.7
wisp/utils	readtape.h	1.7
wisp/utils	regex.c	1.6
wisp/utils	regex.h	1.6
wisp/utils	rexec.cpp	1.2
wisp/utils	rexec.dsp	1.2
wisp/utils	saveterm.c	1.8
wisp/utils	selectpg.c	1.8
wisp/utils	softlink.wcb	1.3
wisp/utils	term.sh	1.5
wisp/utils	textmenu.wcb	1.7
wisp/utils	tmsample.mnu	1.7
wisp/utils	tmsample.sh	1.4
wisp/utils	trim.c	1.8
wisp/utils	txmenuacu.umf	1.3
wisp/utils	txmenuaix.umf	1.3
wisp/utils	utils.mak	1.3
wisp/utils	utils.umf	1.16
wisp/utils	vcapkeys.c	1.13
wisp/utils	viewkey.c	1.9
wisp/utils	vsload.c	1.7
wisp/utils	vsload.h	1.7
wisp/utils	vsload.umf	1.6
wisp/utils	vsn_only.c	1.4
wisp/utils	vsx.c	1.96
wisp/utils	vsx.dsp	1.3
wisp/utils	wauthorize.c	1.13
wisp/utils	wauthorize.dsp	1.5
wisp/utils	wcopy.c	1.18
wisp/utils	wcopy.dsp	1.5
wisp/utils	wcrypt.c	1.8
wisp/utils	wcrypt.umf	1.6
wisp/utils	wdecrypt.c	1.7
wisp/utils	wdelay.c	1.7
wisp/utils	wdelwrk.c	1.9
wisp/utils	wdiag.bat	1.1
wisp/utils	wdiag.c	1.29
wisp/utils	wdiag.dsp	1.5
wisp/utils	wencrypt.c	1.7
wisp/utils	wexists.c	1.7
wisp/utils	wfind.c	1.7
wisp/utils	win32wrn.c	1.4
wisp/utils	wispplat.wcb	1.7
wisp/utils	wisputils.dsp	1.2
wisp/utils	wl_genkey.htm	1.1
wisp/utils	wl_genval.htm	1.1
wisp/utils	wl_lookup.htm	1.1
wisp/utils	wl_main.htm	1.1
wisp/utils	wlicense.c	1.22
wisp/utils	wlicense.dsp	1.4
wisp/utils	wlictab.c	1.1
wisp/utils	wlictest.c	1.1
wisp/utils	wlictest.dsp	1.4
wisp/utils	wpfkey.c	1.8
wisp/utils	wprompt.wcb	1.6
wisp/utils	wputparm.c	1.13
wisp/utils	wrename.c	1.7
wisp/utils	wretcode.c	1.9
wisp/utils	wrun.c	1.19
wisp/utils	wrun.dsp	1.5
wisp/utils	wrun.rc	1.1
wisp/utils	wrunt.dsp	1.5
wisp/utils	wscratch.c	1.7
wisp/utils	wshell.c	1.5
wisp/utils	wshell.dsp	1.4
wisp/utils	wsort.c	1.24
wisp/utils	wsort.dsp	1.4
wisp/utils	wsubmit.c	1.10
wisp/utils	wsysconf.c	1.20
wisp/utils	wsysinit.c	1.12
wisp/utils	wusage.c	1.20
wisp/utils	wusage.dsp	1.3
wisp/utils	wutils.h	1.12
wisp/utils	zaptrim.c	1.8
wisp/vms	build_master.com	1.3
wisp/vms	build_qahold.com	1.3
wisp/vms	build_wisp_vms.com	1.3
wisp/vms	genkit_files.com	1.4
wisp/vms	install_ede.com	1.3
wisp/vms	kcsi_symbols.com	1.3
wisp/vms	kitinstal.com	1.3
wisp/vms	makebuild.com	1.3
wisp/vms	makeshare.com	1.3
wisp/vms	proctran.cld	1.3
wisp/vms	proctran.hlp	1.3
wisp/vms	readme_y2k3312.txt	1.1
wisp/vms	setup_wisp_vms.com	1.3
wisp/vms	update.com	1.4
wisp/vms	vms_start_link.com	1.4
wisp/vms	vmslinkmain.c	1.4
wisp/vms	vmslinksub.wcb	1.3
wisp/vms	vsload.com	1.3
wisp/vms	wap.com	1.3
wisp/vms	wisp.cld	1.4
wisp/vms	wisp.hlp	1.3
wisp/vms	wisp_init.com	1.4
wisp/vms	wisp_share.com	1.4
wisp/vms	wisp_symbols.com	1.4
wisp/vsedit	vsebasic.c	1.7
wisp/vsedit	vsebasic.h	1.5
wisp/vsedit	vsedel.c	1.11
wisp/vsedit	vsedel.h	1.5
wisp/vsedit	vsedfnd.c	1.11
wisp/vsedit	vsedfnd.h	1.5
wisp/vsedit	vsedins.c	1.11
wisp/vsedit	vsedit.c	1.15
wisp/vsedit	vsedit.dsp	1.4
wisp/vsedit	vsedit.h	1.6
wisp/vsedit	vsedit.mak	1.3
wisp/vsedit	vsedit.umf	1.12
wisp/vsedit	vsedmod.c	1.12
wisp/vsedit	vsedmod.h	1.5
wisp/vsedit	vsedscr.c	1.10
wisp/vsedit	vsedscr.h	1.9
wisp/vsedit	vseglb.c	1.9
wisp/vsedit	vseglb.h	1.11
wisp/vsedit	vsegp.c	1.10
wisp/vsedit	vsegp.h	1.9
wisp/vsedit	vsegps.c	1.8
wisp/vsedit	vsegps.h	1.5
wisp/vsedit	vseinp.c	1.11
wisp/vsedit	vsemain.c	1.25
wisp/vsedit	vsemov.c	1.9
wisp/vsedit	vsemov.h	1.5
wisp/vsedit	vsenaf.c	1.10
wisp/vsedit	vsescr.c	1.10
wisp/vsedit	vsescr.h	1.10
wisp/vsedit	vsespmnu.c	1.16
wisp/vsedit	vsestmnu.c	1.10
wisp/vsedit	vsetxt.c	1.10
wisp/vsedit	vsetxt.h	1.5
wisp/vsedit	vseutl.c	1.10
wisp/vsedit	vseutl.h	1.5
wisp/vsedit	wac.bat	1.3
wisp/vsedit	wac.sh	1.8
wisp/wproc	args.cpp	1.7
wisp/wproc	args.hpp	1.5
wisp/wproc	assert.cpp	1.8
wisp/wproc	assert.hpp	1.6
wisp/wproc	attribs.hpp	1.5
wisp/wproc	builtin.cpp	1.13
wisp/wproc	builtin.hpp	1.6
wisp/wproc	cancel.cpp	1.7
wisp/wproc	cancel.hpp	1.5
wisp/wproc	cc2cpp	1.1
wisp/wproc	colors.cpp	1.6
wisp/wproc	colors.hpp	1.5
wisp/wproc	compiler.cpp	1.12
wisp/wproc	compiler.hpp	1.9
wisp/wproc	critical.cpp	1.6
wisp/wproc	critical.hpp	1.5
wisp/wproc	crt_io.cpp	1.20
wisp/wproc	crt_io.hpp	1.8
wisp/wproc	cursor.wps	1.3
wisp/wproc	data.cpp	1.7
wisp/wproc	data.hpp	1.5
wisp/wproc	debugaid.cpp	1.11
wisp/wproc	debugaid.hpp	1.7
wisp/wproc	demo.wps	1.7
wisp/wproc	dr.wps	1.3
wisp/wproc	driver.cpp	1.13
wisp/wproc	e_assign.cpp	1.7
wisp/wproc	e_decl.cpp	1.13
wisp/wproc	e_math.cpp	1.8
wisp/wproc	e_os.cpp	1.6
wisp/wproc	e_run.cpp	1.11
wisp/wproc	e_scrnio.cpp	1.8
wisp/wproc	e_substr.cpp	1.6
wisp/wproc	e_ttyio.cpp	1.6
wisp/wproc	e_varref.cpp	1.8
wisp/wproc	e_wang.cpp	1.9
wisp/wproc	ed.wps	1.5
wisp/wproc	environ.hpp	1.10
wisp/wproc	environ.wps	1.3
wisp/wproc	envs.h	1.5
wisp/wproc	execute.cpp	1.11
wisp/wproc	exp.cpp	1.6
wisp/wproc	exp.hpp	1.6
wisp/wproc	ext.hpp	1.6
wisp/wproc	fileinfo.cpp	1.13
wisp/wproc	fileinfo.hpp	1.6
wisp/wproc	files.cpp	1.6
wisp/wproc	files.hpp	1.5
wisp/wproc	fixup.cpp	1.6
wisp/wproc	fixup.hpp	1.5
wisp/wproc	holdev.h	1.5
wisp/wproc	input.cpp	1.8
wisp/wproc	input.hpp	1.5
wisp/wproc	install.cpp	1.9
wisp/wproc	install.hpp	1.6
wisp/wproc	isspace.cpp	1.7
wisp/wproc	keyboard.hpp	1.7
wisp/wproc	machine.cpp	1.7
wisp/wproc	machine.hpp	1.7
wisp/wproc	memcheck.cpp	1.9
wisp/wproc	memcheck.hpp	1.8
wisp/wproc	memory.cpp	1.9
wisp/wproc	memory.hpp	1.5
wisp/wproc	miscsubs.c	1.19
wisp/wproc	miscsubs.h	1.6
wisp/wproc	network.cpp	1.8
wisp/wproc	network.hpp	1.5
wisp/wproc	object.cpp	1.6
wisp/wproc	object.hpp	1.5
wisp/wproc	opcodes.cpp	1.6
wisp/wproc	opcodes.hpp	1.5
wisp/wproc	options.cpp	1.10
wisp/wproc	options.hpp	1.5
wisp/wproc	p_assign.cpp	1.7
wisp/wproc	p_ctrl.cpp	1.7
wisp/wproc	p_decl.cpp	1.7
wisp/wproc	p_exp.cpp	1.7
wisp/wproc	p_os.cpp	1.6
wisp/wproc	p_run.cpp	1.6
wisp/wproc	p_scrnio.cpp	1.6
wisp/wproc	p_ttyio.cpp	1.6
wisp/wproc	p_var.cpp	1.6
wisp/wproc	p_wang.cpp	1.8
wisp/wproc	pcode.cpp	1.10
wisp/wproc	pcode.hpp	1.6
wisp/wproc	procedur.cpp	1.7
wisp/wproc	procedur.hpp	1.5
wisp/wproc	process.cpp	1.13
wisp/wproc	process.hpp	1.5
wisp/wproc	product.cpp	1.17
wisp/wproc	product.hpp	1.7
wisp/wproc	putparm.wps	1.3
wisp/wproc	range.cpp	1.7
wisp/wproc	range.hpp	1.7
wisp/wproc	reader.cpp	1.7
wisp/wproc	reader.hpp	1.5
wisp/wproc	report.cpp	1.6
wisp/wproc	report.hpp	1.6
wisp/wproc	runtype.h	1.5
wisp/wproc	scanner.cpp	1.7
wisp/wproc	scanner.hpp	1.5
wisp/wproc	scope.cpp	1.6
wisp/wproc	scope.hpp	1.5
wisp/wproc	screen.cpp	1.13
wisp/wproc	screen.hpp	1.6
wisp/wproc	screen.wps	1.4
wisp/wproc	stack.cpp	1.7
wisp/wproc	stack.hpp	1.6
wisp/wproc	state.cpp	1.6
wisp/wproc	state.hpp	1.5
wisp/wproc	stateobj.cpp	1.6
wisp/wproc	stateobj.hpp	1.5
wisp/wproc	status.hpp	1.6
wisp/wproc	subops.hpp	1.5
wisp/wproc	symbols.cpp	1.17
wisp/wproc	symbols.hpp	1.9
wisp/wproc	sysenv.cpp	1.8
wisp/wproc	sysenv.hpp	1.5
wisp/wproc	tables.cpp	1.7
wisp/wproc	tables.hpp	1.5
wisp/wproc	test.wps	1.3
wisp/wproc	token.cpp	1.7
wisp/wproc	token.hpp	1.5
wisp/wproc	tracer.cpp	1.10
wisp/wproc	tracer.hpp	1.5
wisp/wproc	tstglb1.wps	1.1
wisp/wproc	tstglb2.wps	1.3
wisp/wproc	txt.cpp	1.6
wisp/wproc	txt.hpp	1.5
wisp/wproc	utility.cpp	1.14
wisp/wproc	utility.hpp	1.5
wisp/wproc	video.wps	1.3
wisp/wproc	video_rt.h	1.9
wisp/wproc	wang_os.cpp	1.27
wisp/wproc	wang_os.hpp	1.8
wisp/wproc	wangfile.cpp	1.6
wisp/wproc	wangfile.hpp	1.4
wisp/wproc	wisp_rts.c	1.10
wisp/wproc	wisp_rts.h	1.14
wisp/wproc	wproc.dsp	1.8
wisp/wproc	wproc.map	1.3
wisp/wproc	wproc.msg	1.4
wisp/wproc	wproc.umf	1.38
wisp/wproc	wprocbugs.lis	1.5
