	Copyright (c) 1997 by NeoMedia Technologies, Inc. All Rights Reserved.
	
	====================================================================
	
	Title:		RELEASE NOTES FOR KCSI CREATE UTILITY
	
	Document:	relnotes.lis (RELNOTES)
	Last Updated:	14 August 1997
	Products:	WISP/KCSI-CREATE
	Versions:	3.0 (and later)
	
	Summary:	Release notes for changes to KCSI - CREATE utility
			since initial release.

	====================================================================

        DevTech Migrations has merged with it's parent company DevTech
        Assosciates and has changed their company name to NeoMedia
        Technologies Inc.  The main office has been relocated to Florida.

                NeoMedia Technologies Inc.
                2201 2nd Street Suite 600
                Fort Myers FL, 33901
                USA

                Voice (941) 337-3434
                Fax   (941) 337-3668
                Web   www.neomedia-tech.com


	HIGHLIGHTS
	==========

	Corrected installation procedures and packing list are now included.

	File I/O is now processed through the use of ExtFH() rather than
        using DISAM.


	--------------------------------------------------------------------
	The following supplemental documents describe specialized aspects
	of KCSI-CREATE and are included in hardcopy format.



	--------------------------------------------------------------------
	The following items may alter the behavior of already converted
	software.  Please check these over carefully.



	--------------------------------------------------------------------
	The following items are not yet available.

        DEC Alpha running Digital Unix 4.0 requires Micro Focus COBL v4.1
        for use of the extended file handler ExtFH().  This will be
        available as soon as the port is completed and tested with the
        proper version of Micro Focus COBOL.



	--------------------------------------------------------------------
	The following items describe changes to the KCSI-CREATE distribution
	kit that have been made since the initial release.

	- The following are the changes to the KCSI-CREATE distribution kit.

		ADDITIONS
		=========

		DELETIONS
		=========


	--------------------------------------------------------------------
	The following items describe new features of KCSI-CREATE that have been
	added since the initial release.  None of these items should alter the
	behavior of existing software.




	--------------------------------------------------------------------
	The following items describe corrections and improvements that have 
	been made to the KCSI-CREATE runtime system since the initial release.


	CHANGES FROM 2.0 TO 3.0
	=======================
	Micro Focus COBOL:  The file I/O is now processed through the
        use of the extended file handler ExtFH().  DISAM is no longer a
        requirement for building the tools.  The ability to now process
        the extended file formats IDXFORMAT"3" and IDXFORMAT"4" files
        is now available.  A new item FORMAT has been added to the first
	user input screen PRNAME OUTPUT.  The avalable file formats are
	0 = Default, 1 = C-ISAM, 2 = LEVEL II COBOL, 3 = Format used by
	system, 4 = IDXFORMAT"4".  If the field is not filled in, the
	defualt file format will be used.



	========================= END OF DOCUMENT ==========================

