	Copyright (c) 1996 by DevTech Migrations Inc. All Rights Reserved.
	
	====================================================================
	
	Title:		SHIPPING PRODUCT LIST
	
	Document:	PRODUCT.LIS
	Last Updated:	$Date:$
	Products:	WISP, WPROC, KCSI
	Versions:	Latest shipping versions
	
	Summary:	List of currently available products

	====================================================================


	PLATFORM LIST
	=============

	  Platform  	Hardware	CPU		O/S		
	  --------  	--------	---		---		
	+ AIX 3.2.5	IBM RS/6000	Power		AIX 3.2.5	
	  AIX 4.1	IBM RS/6000	Power		AIX 4.1
	# DGUX		DG Aviion	M88000		dgux 5.4R3	
	  Digital UNIX	DEC APX		Alpha		Digital UNIX V3.2C
							 (formerly OSF/1)
	  HP 9.0	HP 9000		PA-Risc		HP-UX 9.0	
	+ HP 10.0	HP 9000		PA-Risc		HP-UX 10.0
	  NCR		NCR (AT&T) 3400	Intel		Unix		
	  NEC		NEC R4000			EWS-UX/V 4.2	
	  OSF/1		DEC APX		Alpha		OSF/1 V2.0
	  DEC NIX	DEC APX		Alpha		Digital UNIX V3.2
	  Pyramid	ES/Nile		Mips r3000	DC-OSx 1.1 079
	+ SCO		(various)	Intel		SCO/UNIX 3.2 2
	+ Sequent	Sequent		Intel		Unix 3.2.0 V2.1.6
	+ Solaris 2	SUN Sparc	Sparc		Solaris 2 (5.4)	
	  SunOS 4.1.1	SUN Sparc	Sparc		SunOS 4.1.1	
	  SunOS 4.1.3	SUN Sparc	Sparc		SunOS 4.1.3	
	+ Ultrix	DEC Station	Mips		Ultrix 4.2
	  Unisys	Unisys				Unix		
	  UnixWare	(various)	Intel		UnixWare

	+ VAX/VMS	DEC VAX		VAX		OpenVMS		
	  Alpha/VMS	DEC APX		Alpha		OpenVMS		

	# MS-DOS	(various)	Intel		MS-DOS (5+)	

	+ == Platform is currently available in house.
	# == Platform is in house but not working

	WISP
	====

	Platform		Release
	--------		-------
	AIX 3.2.5		3.3.19
	AIX 4.1			3.3.19
	DGUX			3.3.18
	HP 9.0			3.3.19
	HP 10.0			3.3.19
	NCR			3.3x8
	NEC			3.3c
	DEC UNIX		3.3.18
	Pyramid			3.3.18
	SCO			3.3.18
	Sequent			3.3.15
	Solaris 2		3.3.18
	SunOS 4.1.1		3.3c
	SunOS 4.1.3		3.3x6
	Ultrix			3.3.16
	Unisys			3.3c
	UnixWare		3.3c

	VAX/VMS			3.3x12
	Alpha/VMS		3.3x12 ** Currently unavailable

	MS-DOS			3.3x12


	*** WISP for WINDOWS requires WISP Version 3.3.17 or later. ***



	WPROC
	=====

	Platform	Release
	--------	-------
	AIX 3.2.5	1.05
	AIX 4.1		1.05
	DGUX		1.03
	HP 9.0		1.05
	HP 10.0		1.05
	NCR		0.98p
	NEC		x
	DEC UNIX	1.03
	Pyramid		1.04
	SCO		1.03
	Sequent		1.02
	Solaris 2 	1.03
	SunOS 4.1.3	0.98p
	Ultrix		x
	Unisys		x
	UnixWare	x


	KCSI + CREATE
	=============

	Platform	KCSI/ACU	Create/acu	KCSI/MF	    Create/mf
	--------	--------	----------	-------     ---------
	AIX 3.2.5	2.81		1.8		2.80		1.8
	AIX 4.1		2.78		1.8		x		x
	DGUX		2.68		x		2.77		x
	HP 9.0		2.81		1.8		2.80		1.8
	HP 10.0		x		x		2.78		1.8
	NCR		x		x		x		x
	NEC		x		x		x		x
	DEC UNIX 	x		x		2.81		1.8
	Pyramid		x		x		2.77		1.8
	SCO		2.72		x		x		x
	Sequent		x		x		2.76		x
	Solaris 2	2.63		1.7		x		x
	SunOS 4.1.3	2.58		x		x		x
	Ultrix		x		x		x		x
	Unisys		x		x		x		x
	UnixWare	x		x		x		x

	VAX/OpenVMS	2.75		x
	Alpha/OpenVMS	2.76		x

	MS-DOS		?		?



	LISTMGMT
	========

	Platform	MF		Acucobol
	--------	--------	--------
	AIX 3.2.5	1.17		x		
	HP 9.0		x		x
	

	========================= END OF DOCUMENT ==========================
